<?xml version="1.0" encoding="UTF-8"?>
<testsuite name="eu.accesa.springdemo.SpringDemoApplicationTests" tests="1" skipped="0" failures="0" errors="0" timestamp="2020-01-22T10:21:53" hostname="Cristians-MacBook-Air.local" time="0.557">
  <properties/>
  <testcase name="contextLoads()" classname="eu.accesa.springdemo.SpringDemoApplicationTests" time="0.557"/>
  <system-out><![CDATA[12:21:48.973 [Test worker] DEBUG org.springframework.test.context.BootstrapUtils - Instantiating CacheAwareContextLoaderDelegate from class [org.springframework.test.context.cache.DefaultCacheAwareContextLoaderDelegate]
12:21:49.013 [Test worker] DEBUG org.springframework.test.context.BootstrapUtils - Instantiating BootstrapContext using constructor [public org.springframework.test.context.support.DefaultBootstrapContext(java.lang.Class,org.springframework.test.context.CacheAwareContextLoaderDelegate)]
12:21:49.075 [Test worker] DEBUG org.springframework.test.context.BootstrapUtils - Instantiating TestContextBootstrapper for test class [eu.accesa.springdemo.SpringDemoApplicationTests] from class [org.springframework.boot.test.context.SpringBootTestContextBootstrapper]
12:21:49.101 [Test worker] INFO org.springframework.boot.test.context.SpringBootTestContextBootstrapper - Neither @ContextConfiguration nor @ContextHierarchy found for test class [eu.accesa.springdemo.SpringDemoApplicationTests], using SpringBootContextLoader
12:21:49.106 [Test worker] DEBUG org.springframework.test.context.support.AbstractContextLoader - Did not detect default resource location for test class [eu.accesa.springdemo.SpringDemoApplicationTests]: class path resource [eu/accesa/springdemo/SpringDemoApplicationTests-context.xml] does not exist
12:21:49.106 [Test worker] DEBUG org.springframework.test.context.support.AbstractContextLoader - Did not detect default resource location for test class [eu.accesa.springdemo.SpringDemoApplicationTests]: class path resource [eu/accesa/springdemo/SpringDemoApplicationTestsContext.groovy] does not exist
12:21:49.107 [Test worker] INFO org.springframework.test.context.support.AbstractContextLoader - Could not detect default resource locations for test class [eu.accesa.springdemo.SpringDemoApplicationTests]: no resource found for suffixes {-context.xml, Context.groovy}.
12:21:49.109 [Test worker] INFO org.springframework.test.context.support.AnnotationConfigContextLoaderUtils - Could not detect default configuration classes for test class [eu.accesa.springdemo.SpringDemoApplicationTests]: SpringDemoApplicationTests does not declare any static, non-private, non-final, nested classes annotated with @Configuration.
12:21:49.155 [Test worker] DEBUG org.springframework.test.context.support.ActiveProfilesUtils - Could not find an 'annotation declaring class' for annotation type [org.springframework.test.context.ActiveProfiles] and class [eu.accesa.springdemo.SpringDemoApplicationTests]
12:21:49.264 [Test worker] DEBUG org.springframework.context.annotation.ClassPathScanningCandidateComponentProvider - Identified candidate component class: file [/Users/cristian/spring-edu/build/classes/java/main/eu/accesa/springdemo/SpringDemoApplication.class]
12:21:49.266 [Test worker] INFO org.springframework.boot.test.context.SpringBootTestContextBootstrapper - Found @SpringBootConfiguration eu.accesa.springdemo.SpringDemoApplication for test class eu.accesa.springdemo.SpringDemoApplicationTests
12:21:49.409 [Test worker] DEBUG org.springframework.boot.test.context.SpringBootTestContextBootstrapper - @TestExecutionListeners is not present for class [eu.accesa.springdemo.SpringDemoApplicationTests]: using defaults.
12:21:49.410 [Test worker] INFO org.springframework.boot.test.context.SpringBootTestContextBootstrapper - Loaded default TestExecutionListener class names from location [META-INF/spring.factories]: [org.springframework.boot.test.autoconfigure.restdocs.RestDocsTestExecutionListener, org.springframework.boot.test.autoconfigure.web.client.MockRestServiceServerResetTestExecutionListener, org.springframework.boot.test.autoconfigure.web.servlet.MockMvcPrintOnlyOnFailureTestExecutionListener, org.springframework.boot.test.autoconfigure.web.servlet.WebDriverTestExecutionListener, org.springframework.boot.test.mock.mockito.MockitoTestExecutionListener, org.springframework.boot.test.mock.mockito.ResetMocksTestExecutionListener, org.springframework.test.context.web.ServletTestExecutionListener, org.springframework.test.context.support.DirtiesContextBeforeModesTestExecutionListener, org.springframework.test.context.support.DependencyInjectionTestExecutionListener, org.springframework.test.context.support.DirtiesContextTestExecutionListener, org.springframework.test.context.transaction.TransactionalTestExecutionListener, org.springframework.test.context.jdbc.SqlScriptsTestExecutionListener, org.springframework.test.context.event.EventPublishingTestExecutionListener]
12:21:49.427 [Test worker] DEBUG org.springframework.boot.test.context.SpringBootTestContextBootstrapper - Skipping candidate TestExecutionListener [org.springframework.test.context.transaction.TransactionalTestExecutionListener] due to a missing dependency. Specify custom listener classes or make the default listener classes and their required dependencies available. Offending class: [org/springframework/transaction/interceptor/TransactionAttributeSource]
12:21:49.430 [Test worker] DEBUG org.springframework.boot.test.context.SpringBootTestContextBootstrapper - Skipping candidate TestExecutionListener [org.springframework.test.context.jdbc.SqlScriptsTestExecutionListener] due to a missing dependency. Specify custom listener classes or make the default listener classes and their required dependencies available. Offending class: [org/springframework/transaction/interceptor/TransactionAttribute]
12:21:49.432 [Test worker] INFO org.springframework.boot.test.context.SpringBootTestContextBootstrapper - Using TestExecutionListeners: [org.springframework.test.context.web.ServletTestExecutionListener@7364038, org.springframework.test.context.support.DirtiesContextBeforeModesTestExecutionListener@e3e136d, org.springframework.boot.test.mock.mockito.MockitoTestExecutionListener@722b6ca4, org.springframework.boot.test.autoconfigure.SpringBootDependencyInjectionTestExecutionListener@672d9fcc, org.springframework.test.context.support.DirtiesContextTestExecutionListener@52af3491, org.springframework.test.context.event.EventPublishingTestExecutionListener@2c74e0d2, org.springframework.boot.test.autoconfigure.restdocs.RestDocsTestExecutionListener@513e7b4, org.springframework.boot.test.autoconfigure.web.client.MockRestServiceServerResetTestExecutionListener@e4bcb25, org.springframework.boot.test.autoconfigure.web.servlet.MockMvcPrintOnlyOnFailureTestExecutionListener@256b6dc1, org.springframework.boot.test.autoconfigure.web.servlet.WebDriverTestExecutionListener@2e927bce, org.springframework.boot.test.mock.mockito.ResetMocksTestExecutionListener@342617ef]
12:21:49.446 [Test worker] DEBUG org.springframework.test.context.support.AbstractDirtiesContextTestExecutionListener - Before test class: context [DefaultTestContext@4fbf204f testClass = SpringDemoApplicationTests, testInstance = [null], testMethod = [null], testException = [null], mergedContextConfiguration = [WebMergedContextConfiguration@ed8791e testClass = SpringDemoApplicationTests, locations = '{}', classes = '{class eu.accesa.springdemo.SpringDemoApplication}', contextInitializerClasses = '[]', activeProfiles = '{}', propertySourceLocations = '{}', propertySourceProperties = '{org.springframework.boot.test.context.SpringBootTestContextBootstrapper=true}', contextCustomizers = set[org.springframework.boot.test.autoconfigure.properties.PropertyMappingContextCustomizer@0, org.springframework.boot.test.autoconfigure.web.servlet.WebDriverContextCustomizerFactory$Customizer@1c0adbee, org.springframework.boot.test.context.filter.ExcludeFilterContextCustomizer@2f5d2e7d, org.springframework.boot.test.json.DuplicateJsonObjectContextCustomizerFactory$DuplicateJsonObjectContextCustomizer@14368aa2, org.springframework.boot.test.mock.mockito.MockitoContextCustomizer@0, org.springframework.boot.test.web.client.TestRestTemplateContextCustomizer@5be9d997], resourceBasePath = 'src/main/webapp', contextLoader = 'org.springframework.boot.test.context.SpringBootContextLoader', parent = [null]], attributes = map['org.springframework.test.context.web.ServletTestExecutionListener.activateListener' -> true]], class annotated with @DirtiesContext [false] with mode [null].
12:21:49.490 [Test worker] DEBUG org.springframework.test.context.support.TestPropertySourceUtils - Adding inlined properties to environment: {spring.jmx.enabled=false, org.springframework.boot.test.context.SpringBootTestContextBootstrapper=true, server.port=-1}

  .   ____          _            __ _ _
 /\\ / ___'_ __ _ _(_)_ __  __ _ \ \ \ \
( ( )\___ | '_ | '_| | '_ \/ _` | \ \ \ \
 \\/  ___)| |_)| | | | | || (_| |  ) ) ) )
  '  |____| .__|_| |_|_| |_\__, | / / / /
 =========|_|==============|___/=/_/_/_/
 :: Spring Boot ::        (v2.2.2.RELEASE)

2020-01-22 12:21:50.174  INFO 71635 --- [    Test worker] e.a.s.SpringDemoApplicationTests         : Starting SpringDemoApplicationTests on Cristians-MacBook-Air.local with PID 71635 (started by cristian in /Users/cristian/spring-edu)
2020-01-22 12:21:50.178  INFO 71635 --- [    Test worker] e.a.s.SpringDemoApplicationTests         : No active profile set, falling back to default profiles: default
object create
2020-01-22 12:21:52.669  INFO 71635 --- [    Test worker] o.s.s.concurrent.ThreadPoolTaskExecutor  : Initializing ExecutorService 'applicationTaskExecutor'
2020-01-22 12:21:53.430  INFO 71635 --- [    Test worker] e.a.s.SpringDemoApplicationTests         : Started SpringDemoApplicationTests in 3.925 seconds (JVM running for 6.179)
]]></system-out>
  <system-err><![CDATA[]]></system-err>
</testsuite>
